<?xml version="1.0" encoding="UTF-8"?>
<testng-results skipped="0" failed="0" total="2" passed="2">
  <reporter-output>
  </reporter-output>
  <suite name="Default suite" duration-ms="558" started-at="2018-04-22T18:03:02Z" finished-at="2018-04-22T18:03:02Z">
    <groups>
    </groups>
    <test name="Default test" duration-ms="558" started-at="2018-04-22T18:03:02Z" finished-at="2018-04-22T18:03:02Z">
      <class name="com.qa.tests.GetAPITest">
        <test-method status="PASS" signature="setUp()[pri:0, instance:com.qa.tests.GetAPITest@464bee09]" name="setUp" is-config="true" duration-ms="6" started-at="2018-04-22T14:03:02Z" finished-at="2018-04-22T14:03:02Z">
          <reporter-output>
          </reporter-output>
        </test-method> <!-- setUp -->
        <test-method status="PASS" signature="getAPITest()[pri:0, instance:com.qa.tests.GetAPITest@464bee09]" name="getAPITest" duration-ms="521" started-at="2018-04-22T14:03:02Z" finished-at="2018-04-22T14:03:02Z">
          <reporter-output>
          </reporter-output>
        </test-method> <!-- getAPITest -->
        <test-method status="PASS" signature="GetAPITotalTaskTest()[pri:0, instance:com.qa.tests.GetAPITest@464bee09]" name="GetAPITotalTaskTest" duration-ms="20" started-at="2018-04-22T14:03:02Z" finished-at="2018-04-22T14:03:02Z">
          <reporter-output>
          </reporter-output>
        </test-method> <!-- GetAPITotalTaskTest -->
      </class> <!-- com.qa.tests.GetAPITest -->
    </test> <!-- Default test -->
  </suite> <!-- Default suite -->
</testng-results>
